<?xml version="1.0" encoding="UTF-8"?>
<testng-results ignored="0" total="1" passed="1" failed="0" skipped="0">
  <reporter-output>
  </reporter-output>
  <suite started-at="2023-03-29T15:35:53 AST" name="Default suite" finished-at="2023-03-29T15:37:24 AST" duration-ms="90483">
    <groups>
    </groups>
    <test started-at="2023-03-29T15:35:53 AST" name="Default test" finished-at="2023-03-29T15:37:24 AST" duration-ms="90483">
      <class name="github.test.NewTest2">
        <test-method is-config="true" signature="TestGitHub()[pri:0, instance:github.test.NewTest2@45099dd3]" started-at="2023-03-29T15:35:53 AST" name="TestGitHub" finished-at="2023-03-29T15:37:24 AST" duration-ms="90424" status="PASS">
          <reporter-output>
          </reporter-output>
        </test-method> <!-- TestGitHub -->
        <test-method signature="f()[pri:0, instance:github.test.NewTest2@45099dd3]" started-at="2023-03-29T15:37:24 AST" name="f" finished-at="2023-03-29T15:37:24 AST" duration-ms="13" status="PASS">
          <reporter-output>
          </reporter-output>
        </test-method> <!-- f -->
      </class> <!-- github.test.NewTest2 -->
    </test> <!-- Default test -->
  </suite> <!-- Default suite -->
</testng-results>
